<?xml version="1.0" encoding="UTF-8"?>
<!-- Generated by org.testng.reporters.JUnitXMLReporter -->
<testsuite hostname="Abdou-PC" ignored="0" name="Default test" tests="8" failures="0" timestamp="2020-11-07T21:13:58 GMT+01:00" time="3.006" errors="0">
  <testcase name="testGetDeps" time="2.618" classname="apiTest.TestApiDepartments"/>
  <testcase name="testGetDeps1WithUsers" time="0.041" classname="apiTest.TestApiDepartments"/>
  <testcase name="testGetDeps2WithUsers" time="0.031" classname="apiTest.TestApiDepartments"/>
  <testcase name="testGetDepsWithParams" time="0.051" classname="apiTest.TestApiDepartments"/>
  <testcase name="testAddDepart" time="0.086" classname="apiTest.TestApiDepartments"/>
  <testcase name="testPutDepart" time="0.035" classname="apiTest.TestApiDepartments"/>
  <testcase name="testPatchUser" time="0.027" classname="apiTest.TestApiDepartments"/>
  <testcase name="testDeleteUser" time="0.033" classname="apiTest.TestApiDepartments"/>
</testsuite> <!-- Default test -->
