<?xml version="1.0" encoding="UTF-8"?>
<testng-results skipped="0" failed="0" ignored="0" total="8" passed="8">
  <reporter-output>
  </reporter-output>
  <suite name="Default suite" duration-ms="3006" started-at="2020-11-07T21:13:55 GMT+01:00" finished-at="2020-11-07T21:13:58 GMT+01:00">
    <groups>
      <group name="E2E">
        <method signature="TestApiDepartments.testAddDepart()[pri:5, instance:apiTest.TestApiDepartments@32709393]" name="testAddDepart" class="apiTest.TestApiDepartments"/>
        <method signature="TestApiDepartments.testDeleteUser()[pri:8, instance:apiTest.TestApiDepartments@32709393]" name="testDeleteUser" class="apiTest.TestApiDepartments"/>
        <method signature="TestApiDepartments.testGetDeps()[pri:1, instance:apiTest.TestApiDepartments@32709393]" name="testGetDeps" class="apiTest.TestApiDepartments"/>
        <method signature="TestApiDepartments.testGetDeps1WithUsers()[pri:2, instance:apiTest.TestApiDepartments@32709393]" name="testGetDeps1WithUsers" class="apiTest.TestApiDepartments"/>
        <method signature="TestApiDepartments.testGetDeps2WithUsers()[pri:3, instance:apiTest.TestApiDepartments@32709393]" name="testGetDeps2WithUsers" class="apiTest.TestApiDepartments"/>
        <method signature="TestApiDepartments.testGetDepsWithParams()[pri:4, instance:apiTest.TestApiDepartments@32709393]" name="testGetDepsWithParams" class="apiTest.TestApiDepartments"/>
        <method signature="TestApiDepartments.testPatchUser()[pri:7, instance:apiTest.TestApiDepartments@32709393]" name="testPatchUser" class="apiTest.TestApiDepartments"/>
        <method signature="TestApiDepartments.testPutDepart()[pri:6, instance:apiTest.TestApiDepartments@32709393]" name="testPutDepart" class="apiTest.TestApiDepartments"/>
      </group> <!-- E2E -->
    </groups>
    <test name="Default test" duration-ms="3006" started-at="2020-11-07T21:13:55 GMT+01:00" finished-at="2020-11-07T21:13:58 GMT+01:00">
      <class name="apiTest.TestApiDepartments">
        <test-method status="PASS" signature="beforeMethod()[pri:0, instance:apiTest.TestApiDepartments@32709393]" name="beforeMethod" is-config="true" duration-ms="7" started-at="2020-11-07T21:13:55 GMT+01:00" finished-at="2020-11-07T21:13:55 GMT+01:00">
          <reporter-output>
          </reporter-output>
        </test-method> <!-- beforeMethod -->
        <test-method status="PASS" signature="testGetDeps()[pri:1, instance:apiTest.TestApiDepartments@32709393]" name="testGetDeps" duration-ms="2618" started-at="2020-11-07T21:13:55 GMT+01:00" finished-at="2020-11-07T21:13:57 GMT+01:00">
          <reporter-output>
          </reporter-output>
        </test-method> <!-- testGetDeps -->
        <test-method status="PASS" signature="afterMethod()[pri:0, instance:apiTest.TestApiDepartments@32709393]" name="afterMethod" is-config="true" duration-ms="1" started-at="2020-11-07T21:13:57 GMT+01:00" finished-at="2020-11-07T21:13:57 GMT+01:00">
          <reporter-output>
          </reporter-output>
        </test-method> <!-- afterMethod -->
        <test-method status="PASS" signature="beforeMethod()[pri:0, instance:apiTest.TestApiDepartments@32709393]" name="beforeMethod" is-config="true" duration-ms="0" started-at="2020-11-07T21:13:57 GMT+01:00" finished-at="2020-11-07T21:13:57 GMT+01:00">
          <reporter-output>
          </reporter-output>
        </test-method> <!-- beforeMethod -->
        <test-method status="PASS" signature="testGetDeps1WithUsers()[pri:2, instance:apiTest.TestApiDepartments@32709393]" name="testGetDeps1WithUsers" duration-ms="41" started-at="2020-11-07T21:13:57 GMT+01:00" finished-at="2020-11-07T21:13:57 GMT+01:00">
          <reporter-output>
          </reporter-output>
        </test-method> <!-- testGetDeps1WithUsers -->
        <test-method status="PASS" signature="afterMethod()[pri:0, instance:apiTest.TestApiDepartments@32709393]" name="afterMethod" is-config="true" duration-ms="0" started-at="2020-11-07T21:13:57 GMT+01:00" finished-at="2020-11-07T21:13:57 GMT+01:00">
          <reporter-output>
          </reporter-output>
        </test-method> <!-- afterMethod -->
        <test-method status="PASS" signature="beforeMethod()[pri:0, instance:apiTest.TestApiDepartments@32709393]" name="beforeMethod" is-config="true" duration-ms="1" started-at="2020-11-07T21:13:57 GMT+01:00" finished-at="2020-11-07T21:13:57 GMT+01:00">
          <reporter-output>
          </reporter-output>
        </test-method> <!-- beforeMethod -->
        <test-method status="PASS" signature="testGetDeps2WithUsers()[pri:3, instance:apiTest.TestApiDepartments@32709393]" name="testGetDeps2WithUsers" duration-ms="31" started-at="2020-11-07T21:13:57 GMT+01:00" finished-at="2020-11-07T21:13:57 GMT+01:00">
          <reporter-output>
          </reporter-output>
        </test-method> <!-- testGetDeps2WithUsers -->
        <test-method status="PASS" signature="afterMethod()[pri:0, instance:apiTest.TestApiDepartments@32709393]" name="afterMethod" is-config="true" duration-ms="0" started-at="2020-11-07T21:13:57 GMT+01:00" finished-at="2020-11-07T21:13:57 GMT+01:00">
          <reporter-output>
          </reporter-output>
        </test-method> <!-- afterMethod -->
        <test-method status="PASS" signature="testGetDepsWithParams()[pri:4, instance:apiTest.TestApiDepartments@32709393]" name="testGetDepsWithParams" duration-ms="51" started-at="2020-11-07T21:13:57 GMT+01:00" finished-at="2020-11-07T21:13:57 GMT+01:00">
          <reporter-output>
          </reporter-output>
        </test-method> <!-- testGetDepsWithParams -->
        <test-method status="PASS" signature="beforeMethod()[pri:0, instance:apiTest.TestApiDepartments@32709393]" name="beforeMethod" is-config="true" duration-ms="0" started-at="2020-11-07T21:13:57 GMT+01:00" finished-at="2020-11-07T21:13:57 GMT+01:00">
          <reporter-output>
          </reporter-output>
        </test-method> <!-- beforeMethod -->
        <test-method status="PASS" signature="afterMethod()[pri:0, instance:apiTest.TestApiDepartments@32709393]" name="afterMethod" is-config="true" duration-ms="0" started-at="2020-11-07T21:13:57 GMT+01:00" finished-at="2020-11-07T21:13:57 GMT+01:00">
          <reporter-output>
          </reporter-output>
        </test-method> <!-- afterMethod -->
        <test-method status="PASS" signature="beforeMethod()[pri:0, instance:apiTest.TestApiDepartments@32709393]" name="beforeMethod" is-config="true" duration-ms="0" started-at="2020-11-07T21:13:57 GMT+01:00" finished-at="2020-11-07T21:13:57 GMT+01:00">
          <reporter-output>
          </reporter-output>
        </test-method> <!-- beforeMethod -->
        <test-method status="PASS" signature="testAddDepart()[pri:5, instance:apiTest.TestApiDepartments@32709393]" name="testAddDepart" duration-ms="86" started-at="2020-11-07T21:13:57 GMT+01:00" finished-at="2020-11-07T21:13:58 GMT+01:00">
          <reporter-output>
          </reporter-output>
        </test-method> <!-- testAddDepart -->
        <test-method status="PASS" signature="afterMethod()[pri:0, instance:apiTest.TestApiDepartments@32709393]" name="afterMethod" is-config="true" duration-ms="1" started-at="2020-11-07T21:13:58 GMT+01:00" finished-at="2020-11-07T21:13:58 GMT+01:00">
          <reporter-output>
          </reporter-output>
        </test-method> <!-- afterMethod -->
        <test-method status="PASS" signature="beforeMethod()[pri:0, instance:apiTest.TestApiDepartments@32709393]" name="beforeMethod" is-config="true" duration-ms="1" started-at="2020-11-07T21:13:58 GMT+01:00" finished-at="2020-11-07T21:13:58 GMT+01:00">
          <reporter-output>
          </reporter-output>
        </test-method> <!-- beforeMethod -->
        <test-method status="PASS" signature="testPutDepart()[pri:6, instance:apiTest.TestApiDepartments@32709393]" name="testPutDepart" duration-ms="35" started-at="2020-11-07T21:13:58 GMT+01:00" finished-at="2020-11-07T21:13:58 GMT+01:00">
          <reporter-output>
          </reporter-output>
        </test-method> <!-- testPutDepart -->
        <test-method status="PASS" signature="afterMethod()[pri:0, instance:apiTest.TestApiDepartments@32709393]" name="afterMethod" is-config="true" duration-ms="1" started-at="2020-11-07T21:13:58 GMT+01:00" finished-at="2020-11-07T21:13:58 GMT+01:00">
          <reporter-output>
          </reporter-output>
        </test-method> <!-- afterMethod -->
        <test-method status="PASS" signature="beforeMethod()[pri:0, instance:apiTest.TestApiDepartments@32709393]" name="beforeMethod" is-config="true" duration-ms="1" started-at="2020-11-07T21:13:58 GMT+01:00" finished-at="2020-11-07T21:13:58 GMT+01:00">
          <reporter-output>
          </reporter-output>
        </test-method> <!-- beforeMethod -->
        <test-method status="PASS" signature="testPatchUser()[pri:7, instance:apiTest.TestApiDepartments@32709393]" name="testPatchUser" duration-ms="27" started-at="2020-11-07T21:13:58 GMT+01:00" finished-at="2020-11-07T21:13:58 GMT+01:00">
          <reporter-output>
          </reporter-output>
        </test-method> <!-- testPatchUser -->
        <test-method status="PASS" signature="afterMethod()[pri:0, instance:apiTest.TestApiDepartments@32709393]" name="afterMethod" is-config="true" duration-ms="0" started-at="2020-11-07T21:13:58 GMT+01:00" finished-at="2020-11-07T21:13:58 GMT+01:00">
          <reporter-output>
          </reporter-output>
        </test-method> <!-- afterMethod -->
        <test-method status="PASS" signature="beforeMethod()[pri:0, instance:apiTest.TestApiDepartments@32709393]" name="beforeMethod" is-config="true" duration-ms="0" started-at="2020-11-07T21:13:58 GMT+01:00" finished-at="2020-11-07T21:13:58 GMT+01:00">
          <reporter-output>
          </reporter-output>
        </test-method> <!-- beforeMethod -->
        <test-method status="PASS" signature="testDeleteUser()[pri:8, instance:apiTest.TestApiDepartments@32709393]" name="testDeleteUser" duration-ms="33" started-at="2020-11-07T21:13:58 GMT+01:00" finished-at="2020-11-07T21:13:58 GMT+01:00">
          <reporter-output>
          </reporter-output>
        </test-method> <!-- testDeleteUser -->
        <test-method status="PASS" signature="afterMethod()[pri:0, instance:apiTest.TestApiDepartments@32709393]" name="afterMethod" is-config="true" duration-ms="1" started-at="2020-11-07T21:13:58 GMT+01:00" finished-at="2020-11-07T21:13:58 GMT+01:00">
          <reporter-output>
          </reporter-output>
        </test-method> <!-- afterMethod -->
      </class> <!-- apiTest.TestApiDepartments -->
    </test> <!-- Default test -->
  </suite> <!-- Default suite -->
</testng-results>
